<?xml version="1.0" encoding="utf-8"?><testsuites name="pytest tests"><testsuite name="pytest" errors="0" failures="0" skipped="0" tests="29" time="6.675" timestamp="2026-04-02T06:21:43.255867+00:00" hostname="agent-env-2db6fa45-96bb-4e67-aa34-c686afdf570f"><testcase classname="backend.tests.test_crud_views.TestAuth" name="test_login_success" time="0.391" /><testcase classname="backend.tests.test_crud_views.TestAuth" name="test_get_me" time="0.311" /><testcase classname="backend.tests.test_crud_views.TestProductos" name="test_get_productos" time="0.452" /><testcase classname="backend.tests.test_crud_views.TestProductos" name="test_create_producto" time="0.051" /><testcase classname="backend.tests.test_crud_views.TestProductos" name="test_update_producto" time="0.090" /><testcase classname="backend.tests.test_crud_views.TestProductos" name="test_delete_producto" time="0.094" /><testcase classname="backend.tests.test_crud_views.TestProductos" name="test_ajustar_stock" time="0.091" /><testcase classname="backend.tests.test_crud_views.TestClientes" name="test_get_clientes" time="0.388" /><testcase classname="backend.tests.test_crud_views.TestClientes" name="test_create_cliente" time="0.086" /><testcase classname="backend.tests.test_crud_views.TestClientes" name="test_update_cliente" time="0.086" /><testcase classname="backend.tests.test_crud_views.TestClientes" name="test_delete_cliente" time="0.126" /><testcase classname="backend.tests.test_crud_views.TestProveedores" name="test_get_proveedores" time="0.389" /><testcase classname="backend.tests.test_crud_views.TestProveedores" name="test_create_proveedor" time="0.045" /><testcase classname="backend.tests.test_crud_views.TestProveedores" name="test_update_proveedor" time="0.163" /><testcase classname="backend.tests.test_crud_views.TestProveedores" name="test_delete_proveedor" time="0.165" /><testcase classname="backend.tests.test_crud_views.TestVentas" name="test_get_ventas" time="0.417" /><testcase classname="backend.tests.test_crud_views.TestVentas" name="test_create_venta" time="0.213" /><testcase classname="backend.tests.test_crud_views.TestCompras" name="test_get_compras" time="0.373" /><testcase classname="backend.tests.test_crud_views.TestCompras" name="test_create_compra" time="0.181" /><testcase classname="backend.tests.test_crud_views.TestGastos" name="test_get_gastos" time="0.383" /><testcase classname="backend.tests.test_crud_views.TestGastos" name="test_create_gasto" time="0.085" /><testcase classname="backend.tests.test_crud_views.TestUsuarios" name="test_get_usuarios" time="0.396" /><testcase classname="backend.tests.test_crud_views.TestUsuarios" name="test_create_usuario" time="0.266" /><testcase classname="backend.tests.test_crud_views.TestUsuarios" name="test_update_usuario_toggle_active" time="0.396" /><testcase classname="backend.tests.test_crud_views.TestUsuarios" name="test_delete_usuario" time="0.389" /><testcase classname="backend.tests.test_crud_views.TestNavigation" name="test_dashboard" time="0.387" /><testcase classname="backend.tests.test_crud_views.TestNavigation" name="test_categorias" time="0.045" /><testcase classname="backend.tests.test_crud_views.TestNavigation" name="test_auditoria" time="0.051" /><testcase classname="backend.tests.test_crud_views.TestNavigation" name="test_stock_movimientos" time="0.047" /></testsuite></testsuites>