<?xml version="1.0" encoding="utf-8"?><testsuites name="pytest tests"><testsuite name="pytest" errors="0" failures="0" skipped="0" tests="8" time="5.725" timestamp="2026-04-02T07:01:06.181539+00:00" hostname="agent-env-2db6fa45-96bb-4e67-aa34-c686afdf570f"><testcase classname="backend.tests.test_permissions_iter8.TestPermissionsSystem" name="test_get_permisos_modulos" time="0.431" /><testcase classname="backend.tests.test_permissions_iter8.TestPermissionsSystem" name="test_create_user_with_custom_permissions" time="0.728" /><testcase classname="backend.tests.test_permissions_iter8.TestPermissionsSystem" name="test_update_user_permissions" time="0.833" /><testcase classname="backend.tests.test_permissions_iter8.TestPermissionsSystem" name="test_admin_user_ignores_permissions" time="0.761" /><testcase classname="backend.tests.test_permissions_iter8.TestPermissionsSystem" name="test_permission_based_access_control" time="1.201" /><testcase classname="backend.tests.test_permissions_iter8.TestPermissionsSystem" name="test_usuarios_view_shows_permisos_count" time="0.480" /><testcase classname="backend.tests.test_permissions_iter8.TestPermissionsSystem" name="test_create_testperm_user_for_ui_testing" time="0.750" /><testcase classname="backend.tests.test_permissions_iter8.TestPermissionsLogin" name="test_login_as_testperm_and_verify_permissions" time="0.446" /></testsuite></testsuites>