<?xml version="1.0" encoding="utf-8"?><testsuites name="pytest tests"><testsuite name="pytest" errors="0" failures="1" skipped="0" tests="22" time="3.335" timestamp="2026-04-02T05:35:25.086401+00:00" hostname="agent-env-2db6fa45-96bb-4e67-aa34-c686afdf570f"><testcase classname="backend.tests.test_plantillas_compartidas.TestPlantillasCompartidas" name="test_health_check" time="0.127" /><testcase classname="backend.tests.test_plantillas_compartidas.TestPlantillasCompartidas" name="test_login_admin" time="0.268" /><testcase classname="backend.tests.test_plantillas_compartidas.TestPlantillasCompartidas" name="test_get_usuarios_lista" time="0.315" /><testcase classname="backend.tests.test_plantillas_compartidas.TestPlantillasCompartidas" name="test_usuarios_lista_requires_auth" time="0.099" /><testcase classname="backend.tests.test_plantillas_compartidas.TestPlantillasCompartidas" name="test_create_plantilla_privada" time="0.048" /><testcase classname="backend.tests.test_plantillas_compartidas.TestPlantillasCompartidas" name="test_create_plantilla_todos" time="0.100" /><testcase classname="backend.tests.test_plantillas_compartidas.TestPlantillasCompartidas" name="test_create_plantilla_requires_auth" time="0.112" /><testcase classname="backend.tests.test_plantillas_compartidas.TestPlantillasCompartidas" name="test_get_plantillas" time="0.046" /><testcase classname="backend.tests.test_plantillas_compartidas.TestPlantillasCompartidas" name="test_get_plantillas_requires_auth" time="0.112" /><testcase classname="backend.tests.test_plantillas_compartidas.TestPlantillasCompartidas" name="test_update_plantilla_sharing" time="0.178" /><testcase classname="backend.tests.test_plantillas_compartidas.TestPlantillasCompartidas" name="test_update_plantilla_only_creator" time="0.125" /><testcase classname="backend.tests.test_plantillas_compartidas.TestPlantillasCompartidas" name="test_delete_plantilla" time="0.134" /><testcase classname="backend.tests.test_plantillas_compartidas.TestPlantillasCompartidas" name="test_delete_plantilla_only_creator" time="0.047" /><testcase classname="backend.tests.test_plantillas_compartidas.TestPlantillasCompartidas" name="test_delete_nonexistent_plantilla" time="0.045" /><testcase classname="backend.tests.test_plantillas_compartidas.TestPlantillasCompartidas" name="test_aplicar_plantilla" time="0.128"><failure message="assert &quot;Plantilla 'T...ate' aplicada&quot; == 'Plantilla aplicada'&#10;  &#10;  - Plantilla aplicada&#10;  + Plantilla 'TEST_Apply_Template' aplicada">backend/tests/test_plantillas_compartidas.py:283: in test_aplicar_plantilla
    assert data["message"] == "Plantilla aplicada"
E   assert "Plantilla 'T...ate' aplicada" == 'Plantilla aplicada'
E     
E     - Plantilla aplicada
E     + Plantilla 'TEST_Apply_Template' aplicada</failure></testcase><testcase classname="backend.tests.test_plantillas_compartidas.TestPlantillasCompartidas" name="test_aplicar_shared_template" time="0.133" /><testcase classname="backend.tests.test_plantillas_compartidas.TestPlantillasCompartidas" name="test_aplicar_nonexistent_plantilla" time="0.083" /><testcase classname="backend.tests.test_plantillas_compartidas.TestPlantillasCompartidas" name="test_predefined_templates_exist" time="0.043" /><testcase classname="backend.tests.test_plantillas_compartidas.TestPlantillasCompartidas" name="test_apply_predefined_template" time="0.146" /><testcase classname="backend.tests.test_plantillas_compartidas.TestPlantillasCompartidas" name="test_cleanup_test_plantillas" time="0.255" /><testcase classname="backend.tests.test_plantillas_compartidas.TestPlantillasAccessControl" name="test_visibility_privada" time="0.491" /><testcase classname="backend.tests.test_plantillas_compartidas.TestPlantillasAccessControl" name="test_visibility_todos" time="0.176" /></testsuite></testsuites>