<?xml version="1.0" encoding="utf-8"?><testsuites name="pytest tests"><testsuite name="pytest" errors="0" failures="0" skipped="0" tests="15" time="6.099" timestamp="2026-04-02T05:18:52.008564+00:00" hostname="agent-env-2db6fa45-96bb-4e67-aa34-c686afdf570f"><testcase classname="backend.tests.test_dashboard_metas.TestDashboardAndMetas" name="test_get_dashboard_data" time="0.494" /><testcase classname="backend.tests.test_dashboard_metas.TestDashboardAndMetas" name="test_get_dashboard_templates" time="0.452" /><testcase classname="backend.tests.test_dashboard_metas.TestDashboardAndMetas" name="test_template_ejecutivo_has_correct_widgets" time="0.438" /><testcase classname="backend.tests.test_dashboard_metas.TestDashboardAndMetas" name="test_get_dashboard_config" time="0.443" /><testcase classname="backend.tests.test_dashboard_metas.TestDashboardAndMetas" name="test_save_dashboard_config" time="0.597" /><testcase classname="backend.tests.test_dashboard_metas.TestDashboardAndMetas" name="test_apply_template_resets_custom" time="0.580" /><testcase classname="backend.tests.test_dashboard_metas.TestDashboardAndMetas" name="test_get_metas" time="0.430" /><testcase classname="backend.tests.test_dashboard_metas.TestDashboardAndMetas" name="test_set_meta_as_admin" time="0.471" /><testcase classname="backend.tests.test_dashboard_metas.TestDashboardAndMetas" name="test_metas_progress_calculation" time="0.437" /><testcase classname="backend.tests.test_dashboard_metas.TestDashboardAndMetas" name="test_ventas_por_periodo" time="0.432" /><testcase classname="backend.tests.test_dashboard_metas.TestDashboardAndMetas" name="test_productos_mas_vendidos" time="0.425" /><testcase classname="backend.tests.test_dashboard_metas.TestDashboardAndMetas" name="test_stock_por_categoria" time="0.422" /><testcase classname="backend.tests.test_dashboard_metas.TestDashboardUnauthorized" name="test_dashboard_requires_auth" time="0.094" /><testcase classname="backend.tests.test_dashboard_metas.TestDashboardUnauthorized" name="test_dashboard_config_requires_auth" time="0.108" /><testcase classname="backend.tests.test_dashboard_metas.TestDashboardUnauthorized" name="test_metas_requires_auth" time="0.099" /></testsuite></testsuites>