<?xml version="1.0" encoding="utf-8"?><testsuites name="pytest tests"><testsuite name="pytest" errors="0" failures="0" skipped="0" tests="14" time="3.751" timestamp="2026-04-02T06:42:52.195786+00:00" hostname="agent-env-2db6fa45-96bb-4e67-aa34-c686afdf570f"><testcase classname="backend.tests.test_new_features_iter7.TestAuth" name="test_login_success" time="0.352" /><testcase classname="backend.tests.test_new_features_iter7.TestPerfil" name="test_get_perfil" time="0.396" /><testcase classname="backend.tests.test_new_features_iter7.TestPerfil" name="test_update_perfil" time="0.212" /><testcase classname="backend.tests.test_new_features_iter7.TestPerfil" name="test_change_password_wrong_current" time="0.266" /><testcase classname="backend.tests.test_new_features_iter7.TestPerfil" name="test_change_password_success" time="1.295" /><testcase classname="backend.tests.test_new_features_iter7.TestPerfil" name="test_upload_foto" time="0.045" /><testcase classname="backend.tests.test_new_features_iter7.TestEstadisticasDateRange" name="test_ventas_por_periodo_with_dates" time="0.401" /><testcase classname="backend.tests.test_new_features_iter7.TestEstadisticasDateRange" name="test_ingresos_por_periodo" time="0.046" /><testcase classname="backend.tests.test_new_features_iter7.TestEstadisticasDateRange" name="test_producto_detalle" time="0.093" /><testcase classname="backend.tests.test_new_features_iter7.TestEstadisticasDateRange" name="test_compras_por_periodo_with_dates" time="0.044" /><testcase classname="backend.tests.test_new_features_iter7.TestEstadisticasDateRange" name="test_productos_mas_vendidos_with_dates" time="0.050" /><testcase classname="backend.tests.test_new_features_iter7.TestSearchEndpoints" name="test_productos_search" time="0.363" /><testcase classname="backend.tests.test_new_features_iter7.TestSearchEndpoints" name="test_clientes_search" time="0.049" /><testcase classname="backend.tests.test_new_features_iter7.TestSearchEndpoints" name="test_proveedores_search" time="0.046" /></testsuite></testsuites>